STAFFS|https://finds.org.uk/EARLY MEDIEVALimages/eljasoksanen/|404 
STAFFS|https://finds.org.uk/EARLY MEDIEVALimages/eljasoksanen/|404 
STAFFS|https://finds.org.uk/EARLY MEDIEVALimages/eljasoksanen/|404 
STAFFS|https://finds.org.uk/EARLY MEDIEVALimages/eljasoksanen/|404 
STAFFS|https://finds.org.uk/EARLY MEDIEVALimages/eljasoksanen/|404 
STAFFS|https://finds.org.uk/EARLY MEDIEVALimages/eljasoksanen/|404 
STAFFS|https://finds.org.uk/EARLY MEDIEVALimages/eljasoksanen/|404 
STAFFS|https://finds.org.uk/EARLY MEDIEVALimages/eljasoksanen/|404 
STAFFS|https://finds.org.uk/EARLY MEDIEVALimages/eljasoksanen/|404 
STAFFS|https://finds.org.uk/EARLY MEDIEVALimages/eljasoksanen/|404 
STAFFS|https://finds.org.uk/EARLY MEDIEVALimages/eljasoksanen/|404 
STAFFS|https://finds.org.uk/EARLY MEDIEVALimages/eljasoksanen/|404 
STAFFS|https://finds.org.uk/EARLY MEDIEVALimages/eljasoksanen/|404 
STAFFS|https://finds.org.uk/EARLY MEDIEVALimages/eljasoksanen/|404 
STAFFS|https://finds.org.uk/EARLY MEDIEVALimages/eljasoksanen/|404 
STAFFS|https://finds.org.uk/EARLY MEDIEVALimages/eljasoksanen/|404 
STAFFS|https://finds.org.uk/EARLY MEDIEVALimages/eljasoksanen/|404 
STAFFS|https://finds.org.uk/EARLY MEDIEVALimages/eljasoksanen/|404 
STAFFS|https://finds.org.uk/EARLY MEDIEVALimages/eljasoksanen/|404 
STAFFS|https://finds.org.uk/EARLY MEDIEVALimages/eljasoksanen/|404 
STAFFS|https://finds.org.uk/EARLY MEDIEVALimages/eljasoksanen/|404 
STAFFS|https://finds.org.uk/EARLY MEDIEVALimages/eljasoksanen/|404 
STAFFS|https://finds.org.uk/EARLY MEDIEVALimages/eljasoksanen/|404 
STAFFS|https://finds.org.uk/EARLY MEDIEVALimages/eljasoksanen/|404 
STAFFS|https://finds.org.uk/EARLY MEDIEVALimages/eljasoksanen/|404 
STAFFS|https://finds.org.uk/EARLY MEDIEVALimages/eljasoksanen/|404 
STAFFS|https://finds.org.uk/EARLY MEDIEVALimages/eljasoksanen/|404 
STAFFS|https://finds.org.uk/EARLY MEDIEVALimages/eljasoksanen/|404 
STAFFS|https://finds.org.uk/EARLY MEDIEVALimages/eljasoksanen/|404 
STAFFS|https://finds.org.uk/EARLY MEDIEVALimages/eljasoksanen/|404 
STAFFS|https://finds.org.uk/EARLY MEDIEVALimages/eljasoksanen/|404 
STAFFS|https://finds.org.uk/EARLY MEDIEVALimages/eljasoksanen/|404 
STAFFS|https://finds.org.uk/EARLY MEDIEVALimages/eljasoksanen/|404 
STAFFS|https://finds.org.uk/EARLY MEDIEVALimages/eljasoksanen/|404 
STAFFS|https://finds.org.uk/EARLY MEDIEVALimages/eljasoksanen/|404 
STAFFS|https://finds.org.uk/EARLY MEDIEVALimages/eljasoksanen/|404 
STAFFS|https://finds.org.uk/EARLY MEDIEVALimages/eljasoksanen/|404 
STAFFS|https://finds.org.uk/EARLY MEDIEVALimages/eljasoksanen/|404 
STAFFS|https://finds.org.uk/EARLY MEDIEVALimages/eljasoksanen/|404 
STAFFS|https://finds.org.uk/EARLY MEDIEVALimages/eljasoksanen/|404 
STAFFS|https://finds.org.uk/EARLY MEDIEVALimages/eljasoksanen/|404 
STAFFS|https://finds.org.uk/EARLY MEDIEVALimages/eljasoksanen/|404 
STAFFS|https://finds.org.uk/EARLY MEDIEVALimages/eljasoksanen/|404 
STAFFS|https://finds.org.uk/EARLY MEDIEVALimages/eljasoksanen/|404 
STAFFS|https://finds.org.uk/EARLY MEDIEVALimages/eljasoksanen/|404 
STAFFS|https://finds.org.uk/EARLY MEDIEVALimages/eljasoksanen/|404 
STAFFS|https://finds.org.uk/EARLY MEDIEVALimages/eljasoksanen/|404 
STAFFS|https://finds.org.uk/EARLY MEDIEVALimages/eljasoksanen/|404 
STAFFS|https://finds.org.uk/EARLY MEDIEVALimages/eljasoksanen/|404 
STAFFS|https://finds.org.uk/EARLY MEDIEVALimages/eljasoksanen/|404 
STAFFS|https://finds.org.uk/EARLY MEDIEVALimages/eljasoksanen/|404 
STAFFS|https://finds.org.uk/EARLY MEDIEVALimages/eljasoksanen/|404 
STAFFS|https://finds.org.uk/EARLY MEDIEVALimages/eljasoksanen/|404 
STAFFS|https://finds.org.uk/EARLY MEDIEVALimages/eljasoksanen/|404 
STAFFS|https://finds.org.uk/EARLY MEDIEVALimages/eljasoksanen/|404 
STAFFS|https://finds.org.uk/EARLY MEDIEVALimages/eljasoksanen/|404 
STAFFS|https://finds.org.uk/EARLY MEDIEVALimages/eljasoksanen/|404 
STAFFS|https://finds.org.uk/EARLY MEDIEVALimages/eljasoksanen/|404 
STAFFS|https://finds.org.uk/EARLY MEDIEVALimages/eljasoksanen/|404 
STAFFS|https://finds.org.uk/EARLY MEDIEVALimages/eljasoksanen/|404 
STAFFS|https://finds.org.uk/EARLY MEDIEVALimages/eljasoksanen/|404 
STAFFS|https://finds.org.uk/EARLY MEDIEVALimages/eljasoksanen/|404 
STAFFS|https://finds.org.uk/EARLY MEDIEVALimages/eljasoksanen/|404 
STAFFS|https://finds.org.uk/EARLY MEDIEVALimages/eljasoksanen/|404 
STAFFS|https://finds.org.uk/EARLY MEDIEVALimages/eljasoksanen/|404 
STAFFS|https://finds.org.uk/EARLY MEDIEVALimages/eljasoksanen/|404 
STAFFS|https://finds.org.uk/EARLY MEDIEVALimages/eljasoksanen/|404 
STAFFS|https://finds.org.uk/EARLY MEDIEVALimages/eljasoksanen/|404 
STAFFS|https://finds.org.uk/EARLY MEDIEVALimages/eljasoksanen/|404 
STAFFS|https://finds.org.uk/EARLY MEDIEVALimages/eljasoksanen/|404 
STAFFS|https://finds.org.uk/EARLY MEDIEVALimages/eljasoksanen/|404 
STAFFS|https://finds.org.uk/EARLY MEDIEVALimages/eljasoksanen/|404 
STAFFS|https://finds.org.uk/EARLY MEDIEVALimages/eljasoksanen/|404 
STAFFS|https://finds.org.uk/EARLY MEDIEVALimages/eljasoksanen/|404 
STAFFS|https://finds.org.uk/EARLY MEDIEVALimages/dpett/|404 
STAFFS|https://finds.org.uk/EARLY MEDIEVALimages/dpett/|404 
STAFFS|https://finds.org.uk/EARLY MEDIEVALimages/dpett/|404 
STAFFS|https://finds.org.uk/EARLY MEDIEVALimages/dpett/|404 
STAFFS|https://finds.org.uk/EARLY MEDIEVALimages/dpett/|404 
STAFFS|https://finds.org.uk/EARLY MEDIEVALimages/dpett/|404 
STAFFS|https://finds.org.uk/EARLY MEDIEVALimages/dpett/|404 
STAFFS|https://finds.org.uk/EARLY MEDIEVALimages/dpett/|404 
STAFFS|https://finds.org.uk/EARLY MEDIEVALimages/dpett/|404 
STAFFS|https://finds.org.uk/EARLY MEDIEVALimages/dpett/|404 
STAFFS|https://finds.org.uk/EARLY MEDIEVALimages/dpett/|404 
STAFFS|https://finds.org.uk/EARLY MEDIEVALimages/dpett/|404 
STAFFS|https://finds.org.uk/EARLY MEDIEVALimages/dpett/|404 
STAFFS|https://finds.org.uk/EARLY MEDIEVALimages/dpett/|404 
STAFFS|https://finds.org.uk/EARLY MEDIEVALimages/dpett/|404 
STAFFS|https://finds.org.uk/EARLY MEDIEVALimages/dpett/|404 
STAFFS|https://finds.org.uk/EARLY MEDIEVALimages/dpett/|404 
STAFFS|https://finds.org.uk/EARLY MEDIEVALimages/dpett/|404 
STAFFS|https://finds.org.uk/EARLY MEDIEVALimages/dpett/|404 
STAFFS|https://finds.org.uk/EARLY MEDIEVALimages/dpett/|404 
STAFFS|https://finds.org.uk/EARLY MEDIEVALimages/dpett/|404 
STAFFS|https://finds.org.uk/EARLY MEDIEVALimages/dpett/|404 
STAFFS|https://finds.org.uk/EARLY MEDIEVALimages/dpett/|404 
STAFFS|https://finds.org.uk/EARLY MEDIEVALimages/dpett/|404 
STAFFS|https://finds.org.uk/EARLY MEDIEVALimages/dpett/|404 
STAFFS|https://finds.org.uk/EARLY MEDIEVALimages/dpett/|404 
STAFFS|https://finds.org.uk/EARLY MEDIEVALimages/dpett/|404 
STAFFS|https://finds.org.uk/EARLY MEDIEVALimages/dpett/|404 
STAFFS|https://finds.org.uk/EARLY MEDIEVALimages/dpett/|404 
STAFFS|https://finds.org.uk/EARLY MEDIEVALimages/dpett/|404 
STAFFS|https://finds.org.uk/EARLY MEDIEVALimages/dpett/|404 
STAFFS|https://finds.org.uk/EARLY MEDIEVALimages/dpett/|404 
STAFFS|https://finds.org.uk/EARLY MEDIEVALimages/dpett/|404 
STAFFS|https://finds.org.uk/EARLY MEDIEVALimages/dpett/|404 
STAFFS|https://finds.org.uk/EARLY MEDIEVALimages/dpett/|404 
STAFFS|https://finds.org.uk/EARLY MEDIEVALimages/dpett/|404 
STAFFS|https://finds.org.uk/EARLY MEDIEVALimages/dpett/|404 
STAFFS|https://finds.org.uk/UNKNOWNimages/dpett/|404 
STAFFS|https://finds.org.uk/EARLY MEDIEVALimages/dpett/|404 
STAFFS|https://finds.org.uk/EARLY MEDIEVALimages/dpett/|404 
STAFFS|https://finds.org.uk/EARLY MEDIEVALimages/dpett/|404 
STAFFS|https://finds.org.uk/EARLY MEDIEVALimages/dpett/|404 
STAFFS|https://finds.org.uk/EARLY MEDIEVALimages/dpett/|404 
STAFFS|https://finds.org.uk/UNKNOWNimages/dpett/|404 
STAFFS|https://finds.org.uk/EARLY MEDIEVALimages/eljasoksanen/|404 
STAFFS|https://finds.org.uk/EARLY MEDIEVALimages/eljasoksanen/|404 
STAFFS|https://finds.org.uk/EARLY MEDIEVALimages/eljasoksanen/|404 
STAFFS|https://finds.org.uk/EARLY MEDIEVALimages/eljasoksanen/|404 
STAFFS|https://finds.org.uk/EARLY MEDIEVALimages/eljasoksanen/|404 
STAFFS|https://finds.org.uk/EARLY MEDIEVALimages/eljasoksanen/|404 
STAFFS|https://finds.org.uk/EARLY MEDIEVALimages/eljasoksanen/|404 
STAFFS|https://finds.org.uk/EARLY MEDIEVALimages/eljasoksanen/|404 
STAFFS|https://finds.org.uk/EARLY MEDIEVALimages/eljasoksanen/|404 
STAFFS|https://finds.org.uk/EARLY MEDIEVALimages/eljasoksanen/|404 
STAFFS|https://finds.org.uk/EARLY MEDIEVALimages/eljasoksanen/|404 
STAFFS|https://finds.org.uk/EARLY MEDIEVALimages/eljasoksanen/|404 
STAFFS|https://finds.org.uk/EARLY MEDIEVALimages/eljasoksanen/|404 
STAFFS|https://finds.org.uk/EARLY MEDIEVALimages/eljasoksanen/|404 
STAFFS|https://finds.org.uk/EARLY MEDIEVALimages/dpett/|404 
STAFFS|https://finds.org.uk/EARLY MEDIEVALimages/dpett/|404 
STAFFS|https://finds.org.uk/EARLY MEDIEVALimages/dpett/|404 
STAFFS|https://finds.org.uk/EARLY MEDIEVALimages/dpett/|404 
STAFFS|https://finds.org.uk/EARLY MEDIEVALimages/dpett/|404 
STAFFS|https://finds.org.uk/EARLY MEDIEVALimages/dpett/|404 
STAFFS|https://finds.org.uk/EARLY MEDIEVALimages/dpett/|404 
STAFFS|https://finds.org.uk/EARLY MEDIEVALimages/dpett/|404 
STAFFS|https://finds.org.uk/EARLY MEDIEVALimages/dpett/|404 
STAFFS|https://finds.org.uk/EARLY MEDIEVALimages/dpett/|404 
STAFFS|https://finds.org.uk/EARLY MEDIEVALimages/dpett/|404 
STAFFS|https://finds.org.uk/UNKNOWNimages/dpett/|404 
STAFFS|https://finds.org.uk/EARLY MEDIEVALimages/dpett/|404 
STAFFS|https://finds.org.uk/EARLY MEDIEVALimages/dpett/|404 
STAFFS|https://finds.org.uk/EARLY MEDIEVALimages/dpett/|404 
STAFFS|https://finds.org.uk/EARLY MEDIEVALimages/dpett/|404 
STAFFS|https://finds.org.uk/EARLY MEDIEVALimages/dpett/|404 
STAFFS|https://finds.org.uk/EARLY MEDIEVALimages/dpett/|404 
STAFFS|https://finds.org.uk/EARLY MEDIEVALimages/dpett/|404 
STAFFS|https://finds.org.uk/EARLY MEDIEVALimages/dpett/|404 
STAFFS|https://finds.org.uk/EARLY MEDIEVALimages/dpett/|404 
STAFFS|https://finds.org.uk/EARLY MEDIEVALimages/dpett/|404 
STAFFS|https://finds.org.uk/EARLY MEDIEVALimages/dpett/|404 
STAFFS|https://finds.org.uk/EARLY MEDIEVALimages/dpett/|404 
STAFFS|https://finds.org.uk/EARLY MEDIEVALimages/dpett/|404 
STAFFS|https://finds.org.uk/EARLY MEDIEVALimages/dpett/|404 
STAFFS|https://finds.org.uk/EARLY MEDIEVALimages/dpett/|404 
STAFFS|https://finds.org.uk/EARLY MEDIEVALimages/dpett/|404 
STAFFS|https://finds.org.uk/EARLY MEDIEVALimages/dpett/|404 
STAFFS|https://finds.org.uk/EARLY MEDIEVALimages/dpett/|404 
STAFFS|https://finds.org.uk/EARLY MEDIEVALimages/dpett/|404 
STAFFS|https://finds.org.uk/EARLY MEDIEVALimages/dpett/|404 
STAFFS|https://finds.org.uk/EARLY MEDIEVALimages/dpett/|404 
STAFFS|https://finds.org.uk/EARLY MEDIEVALimages/dpett/|404 
STAFFS|https://finds.org.uk/EARLY MEDIEVALimages/dpett/|404 
STAFFS|https://finds.org.uk/EARLY MEDIEVALimages/dpett/|404 
STAFFS|https://finds.org.uk/EARLY MEDIEVALimages/dpett/|404 
STAFFS|https://finds.org.uk/EARLY MEDIEVALimages/dpett/|404 
STAFFS|https://finds.org.uk/EARLY MEDIEVALimages/dpett/|404 
STAFFS|https://finds.org.uk/EARLY MEDIEVALimages/dpett/|404 
STAFFS|https://finds.org.uk/EARLY MEDIEVALimages/dpett/|404 
STAFFS|https://finds.org.uk/EARLY MEDIEVALimages/dpett/|404 
STAFFS|https://finds.org.uk/EARLY MEDIEVALimages/dpett/|404 
STAFFS|https://finds.org.uk/EARLY MEDIEVALimages/dpett/|404 
STAFFS|https://finds.org.uk/EARLY MEDIEVALimages/dpett/|404 
STAFFS|https://finds.org.uk/EARLY MEDIEVALimages/dpett/|404 
STAFFS|https://finds.org.uk/EARLY MEDIEVALimages/dpett/|404 
STAFFS|https://finds.org.uk/EARLY MEDIEVALimages/dpett/|404 
STAFFS|https://finds.org.uk/EARLY MEDIEVALimages/dpett/|404 
STAFFS|https://finds.org.uk/EARLY MEDIEVALimages/dpett/|404 
STAFFS|https://finds.org.uk/EARLY MEDIEVALimages/dpett/|404 
STAFFS|https://finds.org.uk/EARLY MEDIEVALimages/dpett/|404 
STAFFS|https://finds.org.uk/EARLY MEDIEVALimages/dpett/|404 
STAFFS|https://finds.org.uk/EARLY MEDIEVALimages/dpett/|404 
STAFFS|https://finds.org.uk/EARLY MEDIEVALimages/dpett/|404 
STAFFS|https://finds.org.uk/EARLY MEDIEVALimages/dpett/|404 
STAFFS|https://finds.org.uk/EARLY MEDIEVALimages/dpett/|404 
STAFFS|https://finds.org.uk/EARLY MEDIEVALimages/dpett/|404 
STAFFS|https://finds.org.uk/EARLY MEDIEVALimages/dpett/|404 
STAFFS|https://finds.org.uk/EARLY MEDIEVALimages/dpett/|404 
STAFFS|https://finds.org.uk/EARLY MEDIEVALimages/dpett/|404 
STAFFS|https://finds.org.uk/EARLY MEDIEVALimages/dpett/|404 
STAFFS|https://finds.org.uk/EARLY MEDIEVALimages/dpett/|404 
STAFFS|https://finds.org.uk/EARLY MEDIEVALimages/dpett/|404 
STAFFS|https://finds.org.uk/UNKNOWNimages/dpett/|404 
STAFFS|https://finds.org.uk/EARLY MEDIEVALimages/dpett/|404 
STAFFS|https://finds.org.uk/EARLY MEDIEVALimages/dpett/|404 
STAFFS|https://finds.org.uk/EARLY MEDIEVALimages/dpett/|404 
STAFFS|https://finds.org.uk/EARLY MEDIEVALimages/dpett/|404 
STAFFS|https://finds.org.uk/EARLY MEDIEVALimages/dpett/|404 
STAFFS|https://finds.org.uk/EARLY MEDIEVALimages/dpett/|404 
STAFFS|https://finds.org.uk/EARLY MEDIEVALimages/dpett/|404 
STAFFS|https://finds.org.uk/EARLY MEDIEVALimages/dpett/|404 
STAFFS|https://finds.org.uk/EARLY MEDIEVALimages/dpett/|404 
STAFFS|https://finds.org.uk/EARLY MEDIEVALimages/dpett/|404 
STAFFS|https://finds.org.uk/EARLY MEDIEVALimages/dpett/|404 
STAFFS|https://finds.org.uk/EARLY MEDIEVALimages/dpett/|404 
STAFFS|https://finds.org.uk/EARLY MEDIEVALimages/eljasoksanen/|404 
STAFFS|https://finds.org.uk/EARLY MEDIEVALimages/eljasoksanen/|404 
STAFFS|https://finds.org.uk/EARLY MEDIEVALimages/eljasoksanen/|404 
STAFFS|https://finds.org.uk/EARLY MEDIEVALimages/eljasoksanen/|404 
STAFFS|https://finds.org.uk/EARLY MEDIEVALimages/eljasoksanen/|404 
STAFFS|https://finds.org.uk/EARLY MEDIEVALimages/eljasoksanen/|404 
STAFFS|https://finds.org.uk/EARLY MEDIEVALimages/eljasoksanen/|404 
STAFFS|https://finds.org.uk/EARLY MEDIEVALimages/eljasoksanen/|404 
STAFFS|https://finds.org.uk/EARLY MEDIEVALimages/eljasoksanen/|404 
STAFFS|https://finds.org.uk/EARLY MEDIEVALimages/eljasoksanen/|404 
STAFFS|https://finds.org.uk/EARLY MEDIEVALimages/eljasoksanen/|404 
STAFFS|https://finds.org.uk/EARLY MEDIEVALimages/eljasoksanen/|404 
STAFFS|https://finds.org.uk/EARLY MEDIEVALimages/eljasoksanen/|404 
STAFFS|https://finds.org.uk/EARLY MEDIEVALimages/eljasoksanen/|404 
STAFFS|https://finds.org.uk/EARLY MEDIEVALimages/eljasoksanen/|404 
STAFFS|https://finds.org.uk/EARLY MEDIEVALimages/eljasoksanen/|404 
STAFFS|https://finds.org.uk/EARLY MEDIEVALimages/eljasoksanen/|404 
STAFFS|https://finds.org.uk/EARLY MEDIEVALimages/eljasoksanen/|404 
STAFFS|https://finds.org.uk/EARLY MEDIEVALimages/eljasoksanen/|404 
STAFFS|https://finds.org.uk/EARLY MEDIEVALimages/eljasoksanen/|404 
STAFFS|https://finds.org.uk/EARLY MEDIEVALimages/eljasoksanen/|404 
STAFFS|https://finds.org.uk/EARLY MEDIEVALimages/eljasoksanen/|404 
STAFFS|https://finds.org.uk/EARLY MEDIEVALimages/eljasoksanen/|404 
STAFFS|https://finds.org.uk/EARLY MEDIEVALimages/eljasoksanen/|404 
STAFFS|https://finds.org.uk/EARLY MEDIEVALimages/eljasoksanen/|404 
STAFFS|https://finds.org.uk/EARLY MEDIEVALimages/eljasoksanen/|404 
STAFFS|https://finds.org.uk/EARLY MEDIEVALimages/eljasoksanen/|404 
STAFFS|https://finds.org.uk/EARLY MEDIEVALimages/eljasoksanen/|404 
STAFFS|https://finds.org.uk/EARLY MEDIEVALimages/eljasoksanen/|404 
STAFFS|https://finds.org.uk/EARLY MEDIEVALimages/eljasoksanen/|404 
STAFFS|https://finds.org.uk/EARLY MEDIEVALimages/eljasoksanen/|404 
STAFFS|https://finds.org.uk/EARLY MEDIEVALimages/eljasoksanen/|404 
STAFFS|https://finds.org.uk/EARLY MEDIEVALimages/eljasoksanen/|404 
STAFFS|https://finds.org.uk/EARLY MEDIEVALimages/eljasoksanen/|404 
STAFFS|https://finds.org.uk/EARLY MEDIEVALimages/eljasoksanen/|404 
STAFFS|https://finds.org.uk/EARLY MEDIEVALimages/eljasoksanen/|404 
STAFFS|https://finds.org.uk/EARLY MEDIEVALimages/eljasoksanen/|404 
STAFFS|https://finds.org.uk/EARLY MEDIEVALimages/eljasoksanen/|404 
STAFFS|https://finds.org.uk/EARLY MEDIEVALimages/eljasoksanen/|404 
STAFFS|https://finds.org.uk/EARLY MEDIEVALimages/eljasoksanen/|404 
STAFFS|https://finds.org.uk/EARLY MEDIEVALimages/eljasoksanen/|404 
STAFFS|https://finds.org.uk/EARLY MEDIEVALimages/eljasoksanen/|404 
STAFFS|https://finds.org.uk/EARLY MEDIEVALimages/eljasoksanen/|404 
STAFFS|https://finds.org.uk/EARLY MEDIEVALimages/eljasoksanen/|404 
STAFFS|https://finds.org.uk/EARLY MEDIEVALimages/eljasoksanen/|404 
STAFFS|https://finds.org.uk/EARLY MEDIEVALimages/dpett/|404 
STAFFS-BC23B7|https://finds.org.uk/images/eljasoksanen/K1127.jpg|404 
STAFFS-EC0C83|https://finds.org.uk/images/eljasoksanen/K0942.jpg|404 
STAFFS-EB6DE2|https://finds.org.uk/images/eljasoksanen/K0915.jpg|404 
STAFFS-EB6AC4|https://finds.org.uk/images/eljasoksanen/K0914.jpg|404 
STAFFS-EB6627|https://finds.org.uk/images/eljasoksanen/K0913.jpg|404 
STAFFS-EB6295|https://finds.org.uk/images/eljasoksanen/K0911.jpg|404 
STAFFS-EB5D13|https://finds.org.uk/images/eljasoksanen/K0910.jpg|404 
STAFFS-EB5BA2|https://finds.org.uk/images/eljasoksanen/K0909.jpg|404 
STAFFS-EB2C42|https://finds.org.uk/images/eljasoksanen/K0908.jpg|404 
STAFFS-EB26C7|https://finds.org.uk/images/eljasoksanen/K0907.jpg|404 
STAFFS-EB2137|https://finds.org.uk/images/eljasoksanen/K0906.jpg|404 
STAFFS-EB17F4|https://finds.org.uk/images/eljasoksanen/K0905.jpg|404 
STAFFS-EB1208|https://finds.org.uk/images/eljasoksanen/K0904.jpg|404 
STAFFS-EB06E8|https://finds.org.uk/images/eljasoksanen/K0903.jpg|404 
STAFFS-EB03E3|https://finds.org.uk/images/eljasoksanen/K0902.jpg|404 
STAFFS-EAFF55|https://finds.org.uk/images/eljasoksanen/K0901.jpg|404 
STAFFS-EAFA33|https://finds.org.uk/images/eljasoksanen/K0898.jpg|404 
STAFFS-EAF413|https://finds.org.uk/images/eljasoksanen/K0897.jpg|404 
STAFFS-EAF027|https://finds.org.uk/images/eljasoksanen/K0896.jpg|404 
STAFFS-EAECD1|https://finds.org.uk/images/eljasoksanen/K0895.jpg|404 
STAFFS-EAE6D6|https://finds.org.uk/images/eljasoksanen/K0894.jpg|404 
STAFFS-EAB957|https://finds.org.uk/images/eljasoksanen/K0889.jpg|404 
STAFFS-EAB583|https://finds.org.uk/images/eljasoksanen/K0888.jpg|404 
STAFFS-EAB054|https://finds.org.uk/images/eljasoksanen/K0887.jpg|404 
STAFFS-EA9C22|https://finds.org.uk/images/eljasoksanen/K0886.jpg|404 
STAFFS-EA9893|https://finds.org.uk/images/eljasoksanen/K0885.jpg|404 
STAFFS-EA9307|https://finds.org.uk/images/eljasoksanen/K0883 JN.jpg|404 
STAFFS-EA8D92|https://finds.org.uk/images/eljasoksanen/K0882.jpg|404 
STAFFS-EA83F6|https://finds.org.uk/images/eljasoksanen/K0881.jpg|404 
STAFFS-EA7F36|https://finds.org.uk/images/eljasoksanen/K0880.JPG|404 
STAFFS-EA7AD4|https://finds.org.uk/images/eljasoksanen/K0879.jpg|404 
STAFFS-EA7656|https://finds.org.uk/images/eljasoksanen/K0878.jpg|404 
STAFFS-EA6B76|https://finds.org.uk/images/eljasoksanen/K0877.jpg|404 
STAFFS-EA6625|https://finds.org.uk/images/eljasoksanen/K0876.jpg|404 
STAFFS-EA6012|https://finds.org.uk/images/eljasoksanen/K0875.jpg|404 
STAFFS-EA5A84|https://finds.org.uk/images/eljasoksanen/K0874.jpg|404 
STAFFS-EA55D3|https://finds.org.uk/images/eljasoksanen/K0873.jpg|404 
STAFFS-EA51B7|https://finds.org.uk/images/eljasoksanen/K0872.jpg|404 
STAFFS-EA4FA5|https://finds.org.uk/images/eljasoksanen/K0871.jpg|404 
STAFFS-EA4C34|https://finds.org.uk/images/eljasoksanen/K0870.jpg|404 
STAFFS-EA4926|https://finds.org.uk/images/eljasoksanen/K0869.jpg|404 
STAFFS-EA44F5|https://finds.org.uk/images/eljasoksanen/K0868.jpg|404 
STAFFS-EA4136|https://finds.org.uk/images/eljasoksanen/K0867.jpg|404 
STAFFS-EA3C98|https://finds.org.uk/images/eljasoksanen/K0866.jpg|404 
STAFFS-EA3868|https://finds.org.uk/images/eljasoksanen/K0865.jpg|404 
STAFFS-EA3451|https://finds.org.uk/images/eljasoksanen/K0864.jpg|404 
STAFFS-EA2FA4|https://finds.org.uk/images/eljasoksanen/K0863.jpg|404 
STAFFS-EA21D2|https://finds.org.uk/images/eljasoksanen/K0862b.JPG|404 
STAFFS-EA1717|https://finds.org.uk/images/eljasoksanen/K0861.jpg|404 
STAFFS-EA08C6|https://finds.org.uk/images/eljasoksanen/K0860.jpg|404 
STAFFS-EA0331|https://finds.org.uk/images/eljasoksanen/K0859.jpg|404 
STAFFS-E9FA46|https://finds.org.uk/images/eljasoksanen/K0858.jpg|404 
STAFFS-E9F5A8|https://finds.org.uk/images/eljasoksanen/K0857.jpg|404 
STAFFS-E9F256|https://finds.org.uk/images/eljasoksanen/K0856.jpg|404 
STAFFS-E9EEA7|https://finds.org.uk/images/eljasoksanen/K0855.jpg|404 
STAFFS-E9EA84|https://finds.org.uk/images/eljasoksanen/K0854.jpg|404 
STAFFS-E9E202|https://finds.org.uk/images/eljasoksanen/K0851.jpg|404 
STAFFS-E9DAF6|https://finds.org.uk/images/eljasoksanen/K0850.jpg|404 
STAFFS-E9D775|https://finds.org.uk/images/eljasoksanen/K0849.jpg|404 
STAFFS-E9D202|https://finds.org.uk/images/eljasoksanen/K0848.jpg|404 
STAFFS-E9C643|https://finds.org.uk/images/eljasoksanen/K0847.jpg|404 
STAFFS-E9C131|https://finds.org.uk/images/eljasoksanen/K0846.jpg|404 
STAFFS-E9BC65|https://finds.org.uk/images/eljasoksanen/K0845.jpg|404 
STAFFS-E9B8D1|https://finds.org.uk/images/eljasoksanen/K0844.JPG|404 
STAFFS-E9B465|https://finds.org.uk/images/eljasoksanen/K0843.JPG|404 
STAFFS-E9ADA5|https://finds.org.uk/images/eljasoksanen/K0842 JN.jpg|404 
STAFFS-E9A2D4|https://finds.org.uk/images/eljasoksanen/K0841.jpg|404 
STAFFS-E99FA3|https://finds.org.uk/images/eljasoksanen/K0840.jpg|404 
STAFFS-E99CF7|https://finds.org.uk/images/eljasoksanen/K0839.jpg|404 
STAFFS-E99882|https://finds.org.uk/images/eljasoksanen/K0838.jpg|404 
STAFFS-E99520|https://finds.org.uk/images/eljasoksanen/K0837.jpg|404 
STAFFS-E8E7C2|https://finds.org.uk/images/eljasoksanen/K0836.jpg|404 
STAFFS-E8DC55|https://finds.org.uk/images/eljasoksanen/K0835.jpg|404 
STAFFS-E8D447|https://finds.org.uk/images/eljasoksanen/K0834.jpg|404 
NMGW-609095|https://finds.org.uk/images/mknight21/2017142.jpg|404 
NMGW-609095|https://finds.org.uk/images/mknight21/2017142.jpg|404 
